<?xml version="1.0" encoding="UTF-8"?>
<!-- Generated by org.testng.reporters.JUnitReportReporter -->
<testsuite hostname="DESKTOP-V62BBK2" failures="0" tests="3" name="Test.ProperTestNG" time="24.959" errors="0" timestamp="2023-03-02T12:51:27 IST" skipped="0">
  <testcase classname="Test.ProperTestNG" name="iframe2" time="18.042"/>
  <system-out/>
  <testcase classname="Test.ProperTestNG" name="inneriframe" time="1.763"/>
  <system-out/>
  <testcase classname="Test.ProperTestNG" name="handleIframe" time="5.154"/>
  <system-out/>
</testsuite> <!-- Test.ProperTestNG -->
