<?xml version="1.0" encoding="UTF-8"?>
<!-- Generated by org.testng.reporters.JUnitReportReporter -->
<testsuite hostname="DESKTOP-V62BBK2" failures="0" tests="3" name="Test.ProperTestNG" time="14.652" errors="0" timestamp="02 Mar 2023 05:48:42 GMT" skipped="0">
  <testcase classname="Test.ProperTestNG" name="iframe2" time="9.320"/>
  <testcase classname="Test.ProperTestNG" name="inneriframe" time="3.487"/>
  <testcase classname="Test.ProperTestNG" name="handleIframe" time="1.845"/>
</testsuite> <!-- Test.ProperTestNG -->
